2025-04-12 06:45:15,532 - cnn_lstm - INFO - 开始训练
2025-04-12 06:45:16,685 - cnn_lstm - INFO - 在cuda上开始训练300个轮次
2025-04-12 06:45:17,128 - cnn_lstm - INFO - 轮次 1/300 - 训练损失: 0.209939, 验证损失: 0.163220, 时间: 0.44秒
2025-04-12 06:45:17,236 - cnn_lstm - INFO - 轮次 2/300 - 训练损失: 0.075093, 验证损失: 0.029831, 时间: 0.11秒
2025-04-12 06:45:17,345 - cnn_lstm - INFO - 轮次 3/300 - 训练损失: 0.040618, 验证损失: 0.045366, 时间: 0.11秒
2025-04-12 06:45:17,456 - cnn_lstm - INFO - 轮次 4/300 - 训练损失: 0.028701, 验证损失: 0.054259, 时间: 0.11秒
2025-04-12 06:45:17,566 - cnn_lstm - INFO - 轮次 5/300 - 训练损失: 0.028167, 验证损失: 0.041832, 时间: 0.11秒
2025-04-12 06:45:17,675 - cnn_lstm - INFO - 轮次 6/300 - 训练损失: 0.025101, 验证损失: 0.039492, 时间: 0.11秒
2025-04-12 06:45:17,784 - cnn_lstm - INFO - 轮次 7/300 - 训练损失: 0.025783, 验证损失: 0.041416, 时间: 0.11秒
2025-04-12 06:45:17,893 - cnn_lstm - INFO - 轮次 8/300 - 训练损失: 0.021559, 验证损失: 0.044235, 时间: 0.11秒
2025-04-12 06:45:18,006 - cnn_lstm - INFO - 轮次 9/300 - 训练损失: 0.019399, 验证损失: 0.037353, 时间: 0.11秒
2025-04-12 06:45:18,123 - cnn_lstm - INFO - 轮次 10/300 - 训练损失: 0.016535, 验证损失: 0.040022, 时间: 0.12秒
2025-04-12 06:45:18,248 - cnn_lstm - INFO - 轮次 11/300 - 训练损失: 0.013989, 验证损失: 0.039987, 时间: 0.12秒
2025-04-12 06:45:18,367 - cnn_lstm - INFO - 轮次 12/300 - 训练损失: 0.011364, 验证损失: 0.037920, 时间: 0.12秒
2025-04-12 06:45:18,479 - cnn_lstm - INFO - 轮次 13/300 - 训练损失: 0.009612, 验证损失: 0.035656, 时间: 0.11秒
2025-04-12 06:45:18,592 - cnn_lstm - INFO - 轮次 14/300 - 训练损失: 0.008732, 验证损失: 0.037885, 时间: 0.11秒
2025-04-12 06:45:18,704 - cnn_lstm - INFO - 轮次 15/300 - 训练损失: 0.008410, 验证损失: 0.030901, 时间: 0.11秒
2025-04-12 06:45:18,817 - cnn_lstm - INFO - 轮次 16/300 - 训练损失: 0.007456, 验证损失: 0.024827, 时间: 0.11秒
2025-04-12 06:45:18,927 - cnn_lstm - INFO - 轮次 17/300 - 训练损失: 0.006222, 验证损失: 0.020525, 时间: 0.11秒
2025-04-12 06:45:19,037 - cnn_lstm - INFO - 轮次 18/300 - 训练损失: 0.005643, 验证损失: 0.011171, 时间: 0.11秒
2025-04-12 06:45:19,151 - cnn_lstm - INFO - 轮次 19/300 - 训练损失: 0.005003, 验证损失: 0.013259, 时间: 0.11秒
2025-04-12 06:45:19,261 - cnn_lstm - INFO - 轮次 20/300 - 训练损失: 0.003749, 验证损失: 0.004825, 时间: 0.11秒
2025-04-12 06:45:19,371 - cnn_lstm - INFO - 轮次 21/300 - 训练损失: 0.002848, 验证损失: 0.002759, 时间: 0.11秒
2025-04-12 06:45:19,482 - cnn_lstm - INFO - 轮次 22/300 - 训练损失: 0.002266, 验证损失: 0.002187, 时间: 0.11秒
2025-04-12 06:45:19,592 - cnn_lstm - INFO - 轮次 23/300 - 训练损失: 0.002203, 验证损失: 0.002141, 时间: 0.11秒
2025-04-12 06:45:19,702 - cnn_lstm - INFO - 轮次 24/300 - 训练损失: 0.002487, 验证损失: 0.002059, 时间: 0.11秒
2025-04-12 06:45:19,813 - cnn_lstm - INFO - 轮次 25/300 - 训练损失: 0.002043, 验证损失: 0.002248, 时间: 0.11秒
2025-04-12 06:45:19,924 - cnn_lstm - INFO - 轮次 26/300 - 训练损失: 0.002100, 验证损失: 0.002231, 时间: 0.11秒
2025-04-12 06:45:20,033 - cnn_lstm - INFO - 轮次 27/300 - 训练损失: 0.001937, 验证损失: 0.002043, 时间: 0.11秒
2025-04-12 06:45:20,143 - cnn_lstm - INFO - 轮次 28/300 - 训练损失: 0.002170, 验证损失: 0.002113, 时间: 0.11秒
2025-04-12 06:45:20,254 - cnn_lstm - INFO - 轮次 29/300 - 训练损失: 0.002146, 验证损失: 0.001968, 时间: 0.11秒
2025-04-12 06:45:20,364 - cnn_lstm - INFO - 轮次 30/300 - 训练损失: 0.002418, 验证损失: 0.002599, 时间: 0.11秒
2025-04-12 06:45:20,476 - cnn_lstm - INFO - 轮次 31/300 - 训练损失: 0.002350, 验证损失: 0.002062, 时间: 0.11秒
2025-04-12 06:45:20,587 - cnn_lstm - INFO - 轮次 32/300 - 训练损失: 0.002224, 验证损失: 0.002438, 时间: 0.11秒
2025-04-12 06:45:20,696 - cnn_lstm - INFO - 轮次 33/300 - 训练损失: 0.002015, 验证损失: 0.002330, 时间: 0.11秒
2025-04-12 06:45:20,807 - cnn_lstm - INFO - 轮次 34/300 - 训练损失: 0.001930, 验证损失: 0.002410, 时间: 0.11秒
2025-04-12 06:45:20,922 - cnn_lstm - INFO - 轮次 35/300 - 训练损失: 0.002104, 验证损失: 0.001934, 时间: 0.11秒
2025-04-12 06:45:21,031 - cnn_lstm - INFO - 轮次 36/300 - 训练损失: 0.001925, 验证损失: 0.002008, 时间: 0.11秒
2025-04-12 06:45:21,142 - cnn_lstm - INFO - 轮次 37/300 - 训练损失: 0.002143, 验证损失: 0.002019, 时间: 0.11秒
2025-04-12 06:45:21,257 - cnn_lstm - INFO - 轮次 38/300 - 训练损失: 0.002009, 验证损失: 0.001897, 时间: 0.11秒
2025-04-12 06:45:21,367 - cnn_lstm - INFO - 轮次 39/300 - 训练损失: 0.001838, 验证损失: 0.002363, 时间: 0.11秒
2025-04-12 06:45:21,481 - cnn_lstm - INFO - 轮次 40/300 - 训练损失: 0.002013, 验证损失: 0.002072, 时间: 0.11秒
2025-04-12 06:45:21,590 - cnn_lstm - INFO - 轮次 41/300 - 训练损失: 0.001799, 验证损失: 0.002296, 时间: 0.11秒
2025-04-12 06:45:21,699 - cnn_lstm - INFO - 轮次 42/300 - 训练损失: 0.001992, 验证损失: 0.001984, 时间: 0.11秒
2025-04-12 06:45:21,808 - cnn_lstm - INFO - 轮次 43/300 - 训练损失: 0.001898, 验证损失: 0.002185, 时间: 0.11秒
2025-04-12 06:45:21,919 - cnn_lstm - INFO - 轮次 44/300 - 训练损失: 0.001922, 验证损失: 0.002250, 时间: 0.11秒
2025-04-12 06:45:22,029 - cnn_lstm - INFO - 轮次 45/300 - 训练损失: 0.001925, 验证损失: 0.001772, 时间: 0.11秒
2025-04-12 06:45:22,138 - cnn_lstm - INFO - 轮次 46/300 - 训练损失: 0.001811, 验证损失: 0.001678, 时间: 0.11秒
2025-04-12 06:45:22,248 - cnn_lstm - INFO - 轮次 47/300 - 训练损失: 0.001743, 验证损失: 0.001991, 时间: 0.11秒
2025-04-12 06:45:22,358 - cnn_lstm - INFO - 轮次 48/300 - 训练损失: 0.001717, 验证损失: 0.002254, 时间: 0.11秒
2025-04-12 06:45:22,469 - cnn_lstm - INFO - 轮次 49/300 - 训练损失: 0.001815, 验证损失: 0.002326, 时间: 0.11秒
2025-04-12 06:45:22,583 - cnn_lstm - INFO - 轮次 50/300 - 训练损失: 0.001830, 验证损失: 0.001707, 时间: 0.11秒
2025-04-12 06:45:22,692 - cnn_lstm - INFO - 轮次 51/300 - 训练损失: 0.001713, 验证损失: 0.001644, 时间: 0.11秒
2025-04-12 06:45:22,803 - cnn_lstm - INFO - 轮次 52/300 - 训练损失: 0.001717, 验证损失: 0.001582, 时间: 0.11秒
2025-04-12 06:45:22,915 - cnn_lstm - INFO - 轮次 53/300 - 训练损失: 0.001810, 验证损失: 0.001764, 时间: 0.11秒
2025-04-12 06:45:23,008 - cnn_lstm - INFO - 轮次 54/300 - 训练损失: 0.001806, 验证损失: 0.001864, 时间: 0.09秒
2025-04-12 06:45:23,105 - cnn_lstm - INFO - 轮次 55/300 - 训练损失: 0.001701, 验证损失: 0.001798, 时间: 0.10秒
2025-04-12 06:45:23,202 - cnn_lstm - INFO - 轮次 56/300 - 训练损失: 0.001828, 验证损失: 0.001635, 时间: 0.10秒
2025-04-12 06:45:23,284 - cnn_lstm - INFO - 轮次 57/300 - 训练损失: 0.001715, 验证损失: 0.001604, 时间: 0.08秒
2025-04-12 06:45:23,381 - cnn_lstm - INFO - 轮次 58/300 - 训练损失: 0.001665, 验证损失: 0.001653, 时间: 0.10秒
2025-04-12 06:45:23,488 - cnn_lstm - INFO - 轮次 59/300 - 训练损失: 0.001639, 验证损失: 0.001530, 时间: 0.11秒
2025-04-12 06:45:23,590 - cnn_lstm - INFO - 轮次 60/300 - 训练损失: 0.001732, 验证损失: 0.001544, 时间: 0.10秒
2025-04-12 06:45:23,691 - cnn_lstm - INFO - 轮次 61/300 - 训练损失: 0.001763, 验证损失: 0.001521, 时间: 0.10秒
2025-04-12 06:45:23,778 - cnn_lstm - INFO - 轮次 62/300 - 训练损失: 0.001901, 验证损失: 0.001509, 时间: 0.09秒
2025-04-12 06:45:23,872 - cnn_lstm - INFO - 轮次 63/300 - 训练损失: 0.001728, 验证损失: 0.001678, 时间: 0.09秒
2025-04-12 06:45:23,979 - cnn_lstm - INFO - 轮次 64/300 - 训练损失: 0.001717, 验证损失: 0.001528, 时间: 0.11秒
2025-04-12 06:45:24,095 - cnn_lstm - INFO - 轮次 65/300 - 训练损失: 0.001709, 验证损失: 0.001507, 时间: 0.11秒
2025-04-12 06:45:24,172 - cnn_lstm - INFO - 轮次 66/300 - 训练损失: 0.001651, 验证损失: 0.001485, 时间: 0.08秒
2025-04-12 06:45:24,238 - cnn_lstm - INFO - 轮次 67/300 - 训练损失: 0.001666, 验证损失: 0.001468, 时间: 0.07秒
2025-04-12 06:45:24,345 - cnn_lstm - INFO - 轮次 68/300 - 训练损失: 0.001630, 验证损失: 0.001423, 时间: 0.11秒
2025-04-12 06:45:24,457 - cnn_lstm - INFO - 轮次 69/300 - 训练损失: 0.001528, 验证损失: 0.001441, 时间: 0.11秒
2025-04-12 06:45:24,568 - cnn_lstm - INFO - 轮次 70/300 - 训练损失: 0.001604, 验证损失: 0.001398, 时间: 0.11秒
2025-04-12 06:45:24,678 - cnn_lstm - INFO - 轮次 71/300 - 训练损失: 0.001561, 验证损失: 0.001672, 时间: 0.11秒
2025-04-12 06:45:24,788 - cnn_lstm - INFO - 轮次 72/300 - 训练损失: 0.001657, 验证损失: 0.001531, 时间: 0.11秒
2025-04-12 06:45:24,900 - cnn_lstm - INFO - 轮次 73/300 - 训练损失: 0.001495, 验证损失: 0.001434, 时间: 0.11秒
2025-04-12 06:45:25,010 - cnn_lstm - INFO - 轮次 74/300 - 训练损失: 0.001593, 验证损失: 0.001364, 时间: 0.11秒
2025-04-12 06:45:25,118 - cnn_lstm - INFO - 轮次 75/300 - 训练损失: 0.001605, 验证损失: 0.001819, 时间: 0.11秒
2025-04-12 06:45:25,222 - cnn_lstm - INFO - 轮次 76/300 - 训练损失: 0.001576, 验证损失: 0.001589, 时间: 0.10秒
2025-04-12 06:45:25,325 - cnn_lstm - INFO - 轮次 77/300 - 训练损失: 0.001560, 验证损失: 0.001495, 时间: 0.10秒
2025-04-12 06:45:25,433 - cnn_lstm - INFO - 轮次 78/300 - 训练损失: 0.001534, 验证损失: 0.001389, 时间: 0.11秒
2025-04-12 06:45:25,516 - cnn_lstm - INFO - 轮次 79/300 - 训练损失: 0.001482, 验证损失: 0.001351, 时间: 0.08秒
2025-04-12 06:45:25,611 - cnn_lstm - INFO - 轮次 80/300 - 训练损失: 0.001419, 验证损失: 0.001322, 时间: 0.10秒
2025-04-12 06:45:25,720 - cnn_lstm - INFO - 轮次 81/300 - 训练损失: 0.001594, 验证损失: 0.001454, 时间: 0.11秒
2025-04-12 06:45:25,828 - cnn_lstm - INFO - 轮次 82/300 - 训练损失: 0.001794, 验证损失: 0.001714, 时间: 0.11秒
2025-04-12 06:45:25,935 - cnn_lstm - INFO - 轮次 83/300 - 训练损失: 0.001572, 验证损失: 0.001306, 时间: 0.11秒
2025-04-12 06:45:26,038 - cnn_lstm - INFO - 轮次 84/300 - 训练损失: 0.001429, 验证损失: 0.001439, 时间: 0.10秒
2025-04-12 06:45:26,147 - cnn_lstm - INFO - 轮次 85/300 - 训练损失: 0.001847, 验证损失: 0.001398, 时间: 0.11秒
2025-04-12 06:45:26,260 - cnn_lstm - INFO - 轮次 86/300 - 训练损失: 0.001444, 验证损失: 0.001901, 时间: 0.11秒
2025-04-12 06:45:26,376 - cnn_lstm - INFO - 轮次 87/300 - 训练损失: 0.001371, 验证损失: 0.001336, 时间: 0.11秒
2025-04-12 06:45:26,492 - cnn_lstm - INFO - 轮次 88/300 - 训练损失: 0.001364, 验证损失: 0.001422, 时间: 0.12秒
2025-04-12 06:45:26,561 - cnn_lstm - INFO - 轮次 89/300 - 训练损失: 0.001275, 验证损失: 0.001216, 时间: 0.07秒
2025-04-12 06:45:26,636 - cnn_lstm - INFO - 轮次 90/300 - 训练损失: 0.001279, 验证损失: 0.001630, 时间: 0.07秒
2025-04-12 06:45:26,726 - cnn_lstm - INFO - 轮次 91/300 - 训练损失: 0.001312, 验证损失: 0.001529, 时间: 0.09秒
2025-04-12 06:45:26,825 - cnn_lstm - INFO - 轮次 92/300 - 训练损失: 0.001298, 验证损失: 0.001219, 时间: 0.10秒
2025-04-12 06:45:26,926 - cnn_lstm - INFO - 轮次 93/300 - 训练损失: 0.001269, 验证损失: 0.001166, 时间: 0.10秒
2025-04-12 06:45:27,027 - cnn_lstm - INFO - 轮次 94/300 - 训练损失: 0.001364, 验证损失: 0.001171, 时间: 0.10秒
2025-04-12 06:45:27,135 - cnn_lstm - INFO - 轮次 95/300 - 训练损失: 0.001306, 验证损失: 0.001636, 时间: 0.11秒
2025-04-12 06:45:27,246 - cnn_lstm - INFO - 轮次 96/300 - 训练损失: 0.001482, 验证损失: 0.001383, 时间: 0.11秒
2025-04-12 06:45:27,339 - cnn_lstm - INFO - 轮次 97/300 - 训练损失: 0.001313, 验证损失: 0.001503, 时间: 0.09秒
2025-04-12 06:45:27,439 - cnn_lstm - INFO - 轮次 98/300 - 训练损失: 0.001151, 验证损失: 0.001183, 时间: 0.10秒
2025-04-12 06:45:27,547 - cnn_lstm - INFO - 轮次 99/300 - 训练损失: 0.001150, 验证损失: 0.001195, 时间: 0.11秒
2025-04-12 06:45:27,652 - cnn_lstm - INFO - 轮次 100/300 - 训练损失: 0.001206, 验证损失: 0.001343, 时间: 0.10秒
2025-04-12 06:45:27,736 - cnn_lstm - INFO - 轮次 101/300 - 训练损失: 0.001237, 验证损失: 0.001521, 时间: 0.08秒
2025-04-12 06:45:27,835 - cnn_lstm - INFO - 轮次 102/300 - 训练损失: 0.001232, 验证损失: 0.001270, 时间: 0.10秒
2025-04-12 06:45:27,951 - cnn_lstm - INFO - 轮次 103/300 - 训练损失: 0.001153, 验证损失: 0.001159, 时间: 0.12秒
2025-04-12 06:45:28,067 - cnn_lstm - INFO - 轮次 104/300 - 训练损失: 0.001178, 验证损失: 0.001443, 时间: 0.12秒
2025-04-12 06:45:28,179 - cnn_lstm - INFO - 轮次 105/300 - 训练损失: 0.001261, 验证损失: 0.001096, 时间: 0.11秒
2025-04-12 06:45:28,289 - cnn_lstm - INFO - 轮次 106/300 - 训练损失: 0.001541, 验证损失: 0.001669, 时间: 0.11秒
2025-04-12 06:45:28,399 - cnn_lstm - INFO - 轮次 107/300 - 训练损失: 0.001504, 验证损失: 0.001286, 时间: 0.11秒
2025-04-12 06:45:28,509 - cnn_lstm - INFO - 轮次 108/300 - 训练损失: 0.001289, 验证损失: 0.001608, 时间: 0.11秒
2025-04-12 06:45:28,620 - cnn_lstm - INFO - 轮次 109/300 - 训练损失: 0.001319, 验证损失: 0.001384, 时间: 0.11秒
2025-04-12 06:45:28,730 - cnn_lstm - INFO - 轮次 110/300 - 训练损失: 0.001159, 验证损失: 0.001218, 时间: 0.11秒
2025-04-12 06:45:28,839 - cnn_lstm - INFO - 轮次 111/300 - 训练损失: 0.001118, 验证损失: 0.001222, 时间: 0.11秒
2025-04-12 06:45:28,948 - cnn_lstm - INFO - 轮次 112/300 - 训练损失: 0.001198, 验证损失: 0.001381, 时间: 0.11秒
2025-04-12 06:45:29,060 - cnn_lstm - INFO - 轮次 113/300 - 训练损失: 0.001168, 验证损失: 0.001479, 时间: 0.11秒
2025-04-12 06:45:29,171 - cnn_lstm - INFO - 轮次 114/300 - 训练损失: 0.001183, 验证损失: 0.001205, 时间: 0.11秒
2025-04-12 06:45:29,280 - cnn_lstm - INFO - 轮次 115/300 - 训练损失: 0.001223, 验证损失: 0.001654, 时间: 0.11秒
2025-04-12 06:45:29,389 - cnn_lstm - INFO - 轮次 116/300 - 训练损失: 0.001261, 验证损失: 0.001761, 时间: 0.11秒
2025-04-12 06:45:29,499 - cnn_lstm - INFO - 轮次 117/300 - 训练损失: 0.001416, 验证损失: 0.001661, 时间: 0.11秒
2025-04-12 06:45:29,609 - cnn_lstm - INFO - 轮次 118/300 - 训练损失: 0.001287, 验证损失: 0.001596, 时间: 0.11秒
2025-04-12 06:45:29,719 - cnn_lstm - INFO - 轮次 119/300 - 训练损失: 0.001419, 验证损失: 0.001422, 时间: 0.11秒
2025-04-12 06:45:29,830 - cnn_lstm - INFO - 轮次 120/300 - 训练损失: 0.001233, 验证损失: 0.001279, 时间: 0.11秒
2025-04-12 06:45:29,940 - cnn_lstm - INFO - 轮次 121/300 - 训练损失: 0.001132, 验证损失: 0.001204, 时间: 0.11秒
2025-04-12 06:45:30,049 - cnn_lstm - INFO - 轮次 122/300 - 训练损失: 0.001134, 验证损失: 0.001125, 时间: 0.11秒
2025-04-12 06:45:30,160 - cnn_lstm - INFO - 轮次 123/300 - 训练损失: 0.001164, 验证损失: 0.001190, 时间: 0.11秒
2025-04-12 06:45:30,271 - cnn_lstm - INFO - 轮次 124/300 - 训练损失: 0.001132, 验证损失: 0.001189, 时间: 0.11秒
2025-04-12 06:45:30,383 - cnn_lstm - INFO - 轮次 125/300 - 训练损失: 0.001223, 验证损失: 0.001163, 时间: 0.11秒
2025-04-12 06:45:30,384 - cnn_lstm - INFO - 轮次125后触发早停
2025-04-12 06:45:30,384 - cnn_lstm - INFO - 训练完成
2025-04-12 06:45:30,394 - cnn_lstm - INFO - 测试损失: 0.002839
2025-04-12 06:45:30,403 - cnn_lstm - INFO - 测试指标: {'mse': 3735834591232.0, 'mae': 819082.1875, 'rmse': 1932830.75}
2025-04-12 06:45:30,419 - cnn_lstm - INFO - 检查点已保存到 outputs/scy/model_checkpoint.pth
2025-04-12 06:45:34,240 - cnn_lstm - INFO - 训练完成。模型已保存到 outputs/scy/model_checkpoint.pth
