2025-04-12 05:47:55,363 - cnn_lstm - INFO - 开始训练
2025-04-12 05:47:56,604 - cnn_lstm - INFO - 在cuda上开始训练30个轮次
2025-04-12 05:48:02,504 - cnn_lstm - INFO - 轮次 1/30 - 训练损失: 0.016293, 验证损失: 0.012823, 时间: 5.90秒
2025-04-12 05:48:07,969 - cnn_lstm - INFO - 轮次 2/30 - 训练损失: 0.002989, 验证损失: 0.000858, 时间: 5.46秒
2025-04-12 05:48:13,380 - cnn_lstm - INFO - 轮次 3/30 - 训练损失: 0.000437, 验证损失: 0.000250, 时间: 5.41秒
2025-04-12 05:48:18,479 - cnn_lstm - INFO - 轮次 4/30 - 训练损失: 0.000291, 验证损失: 0.000291, 时间: 5.10秒
2025-04-12 05:48:23,899 - cnn_lstm - INFO - 轮次 5/30 - 训练损失: 0.000260, 验证损失: 0.000198, 时间: 5.42秒
2025-04-12 05:48:29,052 - cnn_lstm - INFO - 轮次 6/30 - 训练损失: 0.000245, 验证损失: 0.000332, 时间: 5.15秒
2025-04-12 05:48:34,147 - cnn_lstm - INFO - 轮次 7/30 - 训练损失: 0.000235, 验证损失: 0.000435, 时间: 5.10秒
2025-04-12 05:48:39,586 - cnn_lstm - INFO - 轮次 8/30 - 训练损失: 0.000227, 验证损失: 0.000189, 时间: 5.44秒
2025-04-12 05:48:45,005 - cnn_lstm - INFO - 轮次 9/30 - 训练损失: 0.000214, 验证损失: 0.000205, 时间: 5.42秒
2025-04-12 05:48:50,394 - cnn_lstm - INFO - 轮次 10/30 - 训练损失: 0.000212, 验证损失: 0.000151, 时间: 5.39秒
2025-04-12 05:48:55,844 - cnn_lstm - INFO - 轮次 11/30 - 训练损失: 0.000205, 验证损失: 0.000147, 时间: 5.45秒
2025-04-12 05:49:01,330 - cnn_lstm - INFO - 轮次 12/30 - 训练损失: 0.000200, 验证损失: 0.000187, 时间: 5.49秒
2025-04-12 05:49:06,750 - cnn_lstm - INFO - 轮次 13/30 - 训练损失: 0.000191, 验证损失: 0.000149, 时间: 5.42秒
2025-04-12 05:49:12,206 - cnn_lstm - INFO - 轮次 14/30 - 训练损失: 0.000192, 验证损失: 0.000176, 时间: 5.45秒
2025-04-12 05:49:17,674 - cnn_lstm - INFO - 轮次 15/30 - 训练损失: 0.000186, 验证损失: 0.000142, 时间: 5.47秒
2025-04-12 05:49:23,181 - cnn_lstm - INFO - 轮次 16/30 - 训练损失: 0.000181, 验证损失: 0.000135, 时间: 5.51秒
2025-04-12 05:49:28,637 - cnn_lstm - INFO - 轮次 17/30 - 训练损失: 0.000180, 验证损失: 0.000178, 时间: 5.46秒
2025-04-12 05:49:34,071 - cnn_lstm - INFO - 轮次 18/30 - 训练损失: 0.000175, 验证损失: 0.000195, 时间: 5.43秒
2025-04-12 05:49:39,551 - cnn_lstm - INFO - 轮次 19/30 - 训练损失: 0.000172, 验证损失: 0.000131, 时间: 5.48秒
2025-04-12 05:49:44,645 - cnn_lstm - INFO - 轮次 20/30 - 训练损失: 0.000169, 验证损失: 0.000123, 时间: 5.09秒
2025-04-12 05:49:49,981 - cnn_lstm - INFO - 轮次 21/30 - 训练损失: 0.000168, 验证损失: 0.000121, 时间: 5.33秒
2025-04-12 05:49:55,380 - cnn_lstm - INFO - 轮次 22/30 - 训练损失: 0.000163, 验证损失: 0.000142, 时间: 5.40秒
2025-04-12 05:50:00,664 - cnn_lstm - INFO - 轮次 23/30 - 训练损失: 0.000163, 验证损失: 0.000119, 时间: 5.28秒
2025-04-12 05:50:06,154 - cnn_lstm - INFO - 轮次 24/30 - 训练损失: 0.000162, 验证损失: 0.000119, 时间: 5.49秒
2025-04-12 05:50:11,604 - cnn_lstm - INFO - 轮次 25/30 - 训练损失: 0.000160, 验证损失: 0.000150, 时间: 5.45秒
2025-04-12 05:50:17,073 - cnn_lstm - INFO - 轮次 26/30 - 训练损失: 0.000159, 验证损失: 0.000110, 时间: 5.47秒
2025-04-12 05:50:22,432 - cnn_lstm - INFO - 轮次 27/30 - 训练损失: 0.000159, 验证损失: 0.000117, 时间: 5.36秒
2025-04-12 05:50:27,271 - cnn_lstm - INFO - 轮次 28/30 - 训练损失: 0.000155, 验证损失: 0.000112, 时间: 4.84秒
2025-04-12 05:50:32,558 - cnn_lstm - INFO - 轮次 29/30 - 训练损失: 0.000153, 验证损失: 0.000126, 时间: 5.29秒
2025-04-12 05:50:37,993 - cnn_lstm - INFO - 轮次 30/30 - 训练损失: 0.000156, 验证损失: 0.000133, 时间: 5.44秒
2025-04-12 05:50:37,993 - cnn_lstm - INFO - 轮次30后触发早停
2025-04-12 05:50:37,993 - cnn_lstm - INFO - 训练完成
2025-04-12 05:50:38,063 - cnn_lstm - INFO - 测试损失: 0.000161
2025-04-12 05:50:38,132 - cnn_lstm - INFO - 测试指标: {'mse': 7.737967014312744, 'mae': 0.6043813824653625, 'rmse': 2.7817201614379883}
2025-04-12 05:50:38,139 - cnn_lstm - INFO - 检查点已保存到 outputs/test/model_checkpoint.pth
2025-04-12 05:50:40,399 - cnn_lstm - INFO - 训练完成。模型已保存到 outputs/test/model_checkpoint.pth